[0.018s] Invoking command in '/home/tamas/ros1_ws/src/irob-saf/build/irob_msgs': /usr/bin/cmake /home/tamas/ros1_ws/src/irob-saf/irob_msgs -DCATKIN_INSTALL_INTO_PREFIX_ROOT=0 -DCATKIN_SYMLINK_INSTALL=ON -DCMAKE_INSTALL_PREFIX=/home/tamas/ros1_ws/src/irob-saf/install/irob_msgs
[0.380s] -- The C compiler identification is GNU 9.4.0
[0.696s] -- The CXX compiler identification is GNU 9.4.0
[0.702s] -- Check for working C compiler: /usr/bin/cc
[0.754s] -- Check for working C compiler: /usr/bin/cc -- works
[0.756s] -- Detecting C compiler ABI info
[0.808s] -- Detecting C compiler ABI info - done
[0.820s] -- Detecting C compile features
[0.821s] -- Detecting C compile features - done
[0.824s] -- Check for working CXX compiler: /usr/bin/c++
[0.885s] -- Check for working CXX compiler: /usr/bin/c++ -- works
[0.886s] -- Detecting CXX compiler ABI info
[0.947s] -- Detecting CXX compiler ABI info - done
[0.959s] -- Detecting CXX compile features
[0.960s] -- Detecting CXX compile features - done
[0.970s] CMake Error at CMakeLists.txt:8 (find_package):
[0.970s]   By not providing "Findcatkin.cmake" in CMAKE_MODULE_PATH this project has
[0.970s]   asked CMake to find a package configuration file provided by "catkin", but
[0.971s]   CMake did not find one.
[0.971s] 
[0.971s]   Could not find a package configuration file provided by "catkin" with any
[0.971s]   of the following names:
[0.971s] 
[0.971s]     catkinConfig.cmake
[0.971s]     catkin-config.cmake
[0.971s] 
[0.971s]   Add the installation prefix of "catkin" to CMAKE_PREFIX_PATH or set
[0.971s]   "catkin_DIR" to a directory containing one of the above files.  If "catkin"
[0.971s]   provides a separate development package or SDK, be sure it has been
[0.971s]   installed.
[0.971s] 
[0.971s] 
[0.973s] -- Configuring incomplete, errors occurred!
[0.973s] See also "/home/tamas/ros1_ws/src/irob-saf/build/irob_msgs/CMakeFiles/CMakeOutput.log".
[0.976s] Invoked command in '/home/tamas/ros1_ws/src/irob-saf/build/irob_msgs' returned '1': /usr/bin/cmake /home/tamas/ros1_ws/src/irob-saf/irob_msgs -DCATKIN_INSTALL_INTO_PREFIX_ROOT=0 -DCATKIN_SYMLINK_INSTALL=ON -DCMAKE_INSTALL_PREFIX=/home/tamas/ros1_ws/src/irob-saf/install/irob_msgs
